<?xml version="1.0" encoding="UTF-8"?>
<!-- Generated by org.testng.reporters.JUnitReportReporter -->
<testsuite hostname="JV-LAP093" failures="0" tests="17" name="test.PQC_functional_test" time="176.985" errors="0" timestamp="2023-12-05T14:40:09 NPT" skipped="0">
  <testcase classname="test.PQC_functional_test" name="login_pqc" time="18.484"/>
  <system-out/>
  <testcase classname="test.PQC_functional_test" name="quickContactSearch" time="8.873"/>
  <system-out/>
  <testcase classname="test.PQC_functional_test" name="createCustomerRFQ" time="29.126"/>
  <system-out/>
  <testcase classname="test.PQC_functional_test" name="getRFQHeader" time="3.725"/>
  <system-out/>
  <testcase classname="test.PQC_functional_test" name="getCustomers" time="6.835"/>
  <system-out/>
  <testcase classname="test.PQC_functional_test" name="getCustomerContacts" time="6.884"/>
  <system-out/>
  <testcase classname="test.PQC_functional_test" name="changeRfqOwner" time="9.047"/>
  <system-out/>
  <testcase classname="test.PQC_functional_test" name="editRfqHeader" time="3.597"/>
  <system-out/>
  <testcase classname="test.PQC_functional_test" name="getCustomerInformation" time="5.628"/>
  <system-out/>
  <testcase classname="test.PQC_functional_test" name="getPartInfo" time="12.826"/>
  <system-out/>
  <testcase classname="test.PQC_functional_test" name="getRFQPartStockInfo" time="3.459"/>
  <system-out/>
  <testcase classname="test.PQC_functional_test" name="getIncomingGood_test" time="4.692"/>
  <system-out/>
  <testcase classname="test.PQC_functional_test" name="getLotDetails_test" time="4.749"/>
  <system-out/>
  <testcase classname="test.PQC_functional_test" name="addRFQLine" time="23.410"/>
  <system-out/>
  <testcase classname="test.PQC_functional_test" name="getKitPartDetails_test" time="19.562"/>
  <system-out/>
  <testcase classname="test.PQC_functional_test" name="getRFQLineAlternates_test" time="7.174"/>
  <system-out/>
  <testcase classname="test.PQC_functional_test" name="deleteRFQLines" time="8.914"/>
  <system-out/>
</testsuite> <!-- test.PQC_functional_test -->
