<?xml version="1.0" encoding="UTF-8"?>
<!-- Generated by org.testng.reporters.JUnitReportReporter -->
<testsuite hostname="JV-LAP093" failures="0" tests="1" name="concepts.TestNG" time="0.029" errors="0" timestamp="2023-12-02T22:01:06 NPT" skipped="0">
  <testcase classname="concepts.TestNG" name="testcase1" time="0.029"/>
  <system-out/>
</testsuite> <!-- concepts.TestNG -->
