<?xml version="1.0" encoding="UTF-8"?>
<!-- Generated by org.testng.reporters.JUnitReportReporter -->
<testsuite hostname="JV-LAP093" failures="0" tests="16" name="test.PQC_functional_test" time="158.410" errors="0" timestamp="2023-12-03T09:01:54 NPT" skipped="0">
  <testcase classname="test.PQC_functional_test" name="login_pqc" time="11.822"/>
  <system-out/>
  <testcase classname="test.PQC_functional_test" name="quickSearchContact_test" time="8.866"/>
  <system-out/>
  <testcase classname="test.PQC_functional_test" name="createCustomerRFQ" time="29.530"/>
  <system-out/>
  <testcase classname="test.PQC_functional_test" name="getRFQHeader_test" time="3.717"/>
  <system-out/>
  <testcase classname="test.PQC_functional_test" name="getCustomers_test" time="6.799"/>
  <system-out/>
  <testcase classname="test.PQC_functional_test" name="getCustomerContacts_test" time="6.910"/>
  <system-out/>
  <testcase classname="test.PQC_functional_test" name="changeRFQOwner_test" time="7.034"/>
  <system-out/>
  <testcase classname="test.PQC_functional_test" name="getCustomerInformation_test" time="5.665"/>
  <system-out/>
  <testcase classname="test.PQC_functional_test" name="getPartInformation_test" time="12.863"/>
  <system-out/>
  <testcase classname="test.PQC_functional_test" name="getRFQPartStockInfo_test" time="0.173"/>
  <system-out/>
  <testcase classname="test.PQC_functional_test" name="getIncomingGood_test" time="0.167"/>
  <system-out/>
  <testcase classname="test.PQC_functional_test" name="getLotDetails_test" time="0.169"/>
  <system-out/>
  <testcase classname="test.PQC_functional_test" name="addPart_test" time="23.510"/>
  <system-out/>
  <testcase classname="test.PQC_functional_test" name="getKitPartDetails_test" time="24.645"/>
  <system-out/>
  <testcase classname="test.PQC_functional_test" name="getRFQLineAlternates_test" time="7.454"/>
  <system-out/>
  <testcase classname="test.PQC_functional_test" name="deleteRFQLines_test" time="9.086"/>
  <system-out/>
</testsuite> <!-- test.PQC_functional_test -->
