<?xml version="1.0" encoding="UTF-8"?>
<!-- Generated by org.testng.reporters.JUnitReportReporter -->
<testsuite hostname="JV-LAP093" failures="0" tests="3" name="unitTest.UnitTest_template" time="9.539" errors="0" timestamp="2023-12-06T12:59:55 NPT" skipped="0">
  <testcase classname="unitTest.UnitTest_template" name="getPartPricingDetails" time="1.267"/>
  <system-out/>
  <testcase classname="unitTest.UnitTest_template" name="getPriceRequestInfo" time="0.757"/>
  <system-out/>
  <testcase classname="unitTest.UnitTest_template" name="createProcessRelay" time="7.515"/>
  <system-out/>
</testsuite> <!-- unitTest.UnitTest_template -->
