<?xml version="1.0" encoding="UTF-8"?>
<!-- Generated by org.testng.reporters.JUnitReportReporter -->
<testsuite hostname="JV-LAP093" failures="0" tests="1" name="unitTest.UnitTest_Cancel" time="19.407" errors="0" timestamp="2023-12-06T17:55:25 NPT" skipped="0">
  <testcase classname="unitTest.UnitTest_Cancel" name="getQuoteHistory" time="19.407"/>
  <system-out/>
</testsuite> <!-- unitTest.UnitTest_Cancel -->
