<?xml version="1.0" encoding="UTF-8"?>
<!-- Generated by org.testng.reporters.JUnitReportReporter -->
<testsuite hostname="JV-LAP093" failures="0" tests="23" name="test.PQC_functional_test" time="289.406" errors="0" timestamp="2023-12-06T18:14:39 NPT" skipped="0">
  <testcase classname="test.PQC_functional_test" name="login_pqc" time="11.867"/>
  <system-out/>
  <testcase classname="test.PQC_functional_test" name="quickContactSearch" time="8.877"/>
  <system-out/>
  <testcase classname="test.PQC_functional_test" name="createCustomerRFQ" time="28.582"/>
  <system-out/>
  <testcase classname="test.PQC_functional_test" name="getRFQHeader" time="5.274"/>
  <system-out/>
  <testcase classname="test.PQC_functional_test" name="getCustomers" time="8.898"/>
  <system-out/>
  <testcase classname="test.PQC_functional_test" name="getCustomerContacts" time="8.620"/>
  <system-out/>
  <testcase classname="test.PQC_functional_test" name="getQuoteHistory" time="4.678"/>
  <system-out/>
  <testcase classname="test.PQC_functional_test" name="changeRfqOwner" time="10.923"/>
  <system-out/>
  <testcase classname="test.PQC_functional_test" name="editRfqHeader" time="5.267"/>
  <system-out/>
  <testcase classname="test.PQC_functional_test" name="getCustomerInformation" time="6.552"/>
  <system-out/>
  <testcase classname="test.PQC_functional_test" name="getPartInfo" time="14.605"/>
  <system-out/>
  <testcase classname="test.PQC_functional_test" name="getRFQPartStockInfo" time="4.264"/>
  <system-out/>
  <testcase classname="test.PQC_functional_test" name="getIncomingGood" time="5.696"/>
  <system-out/>
  <testcase classname="test.PQC_functional_test" name="getLotDetails" time="5.520"/>
  <system-out/>
  <testcase classname="test.PQC_functional_test" name="addRFQLine" time="28.529"/>
  <system-out/>
  <testcase classname="test.PQC_functional_test" name="getKitPartDetails" time="23.020"/>
  <system-out/>
  <testcase classname="test.PQC_functional_test" name="getRFQLineAlternates" time="18.272"/>
  <system-out/>
  <testcase classname="test.PQC_functional_test" name="deleteRFQLines" time="14.483"/>
  <system-out/>
  <testcase classname="test.PQC_functional_test" name="getPartPricingDetails" time="30.974"/>
  <system-out/>
  <testcase classname="test.PQC_functional_test" name="getPriceRequestInfo" time="2.035"/>
  <system-out/>
  <testcase classname="test.PQC_functional_test" name="createProcessRelay" time="27.653"/>
  <system-out/>
  <testcase classname="test.PQC_functional_test" name="getPurchasePriceRequestInfo" time="6.982"/>
  <system-out/>
  <testcase classname="test.PQC_functional_test" name="emailReportAndLog" time="7.835"/>
  <system-out/>
</testsuite> <!-- test.PQC_functional_test -->
