<?xml version="1.0" encoding="UTF-8"?>
<!-- Generated by org.testng.reporters.JUnitReportReporter -->
<testsuite hostname="JV-LAP093" failures="0" tests="2" name="test.Runner" time="12.171" errors="0" timestamp="2023-11-27T13:00:56 NPT" skipped="0">
  <testcase classname="test.Runner" name="method1" time="12.111"/>
  <system-out/>
  <testcase classname="test.Runner" name="getTextDiv" time="0.060"/>
  <system-out/>
</testsuite> <!-- test.Runner -->
