<?xml version="1.0" encoding="UTF-8"?>
<!-- Generated by org.testng.reporters.JUnitReportReporter -->
<testsuite hostname="JV-LAP093" failures="0" tests="1" name="unitTest.UnitTest_getPurchasePriceInfo" time="23.613" errors="0" timestamp="2023-12-06T17:45:35 NPT" skipped="0">
  <testcase classname="unitTest.UnitTest_getPurchasePriceInfo" name="getQuoteHistory" time="23.613"/>
  <system-out/>
</testsuite> <!-- unitTest.UnitTest_getPurchasePriceInfo -->
