<?xml version="1.0" encoding="UTF-8"?>
<!-- Generated by org.testng.reporters.JUnitReportReporter -->
<testsuite hostname="JV-LAP093" failures="0" tests="1" name="unitTest.UnitTest_getQuoteHistory" time="11.243" errors="0" timestamp="2023-12-05T17:40:02 NPT" skipped="0">
  <testcase classname="unitTest.UnitTest_getQuoteHistory" name="getQuoteHistory" time="11.243"/>
  <system-out/>
</testsuite> <!-- unitTest.UnitTest_getQuoteHistory -->
